<?xml version="1.0" encoding="UTF-8"?>
<testng-results ignored="0" total="1" passed="1" failed="0" skipped="0">
  <reporter-output>
  </reporter-output>
  <suite started-at="2025-01-11T21:26:13 IST" name="Default Suite" finished-at="2025-01-11T21:26:29 IST" duration-ms="15910">
    <groups>
      <group name="cucumber">
        <method signature="AbstractTestNGCucumberTests.runScenario(io.cucumber.testng.PickleWrapper,io.cucumber.testng.FeatureWrapper)[pri:0, instance:com.mystore.TestRunner.CucumberRunnerIT@1b1473ab]" name="runScenario" class="io.cucumber.testng.AbstractTestNGCucumberTests"/>
      </group> <!-- cucumber -->
    </groups>
    <test started-at="2025-01-11T21:26:13 IST" name="MyStoreApplication" finished-at="2025-01-11T21:26:29 IST" duration-ms="15910">
      <class name="com.mystore.TestRunner.CucumberRunnerIT">
        <test-method is-config="true" signature="setUpClass(org.testng.ITestContext)[pri:0, instance:com.mystore.TestRunner.CucumberRunnerIT@1b1473ab]" started-at="2025-01-11T21:26:14 IST" name="setUpClass" finished-at="2025-01-11T21:26:14 IST" duration-ms="612" status="PASS">
          <params>
            <param index="0">
              <value>
                <![CDATA[org.testng.TestRunner@4c7d7430]]>
              </value>
            </param>
          </params>
          <reporter-output>
          </reporter-output>
        </test-method> <!-- setUpClass -->
        <test-method signature="runScenario(io.cucumber.testng.PickleWrapper,io.cucumber.testng.FeatureWrapper)[pri:0, instance:com.mystore.TestRunner.CucumberRunnerIT@1b1473ab]" started-at="2025-01-11T21:26:14 IST" name="runScenario" description="Runs Cucumber Scenarios" data-provider="scenarios" finished-at="2025-01-11T21:26:29 IST" duration-ms="14681" status="PASS">
          <params>
            <param index="0">
              <value>
                <![CDATA["Verify item can be added to Cart"]]>
              </value>
            </param>
            <param index="1">
              <value>
                <![CDATA["Verify item can be added to Cart on eBay"]]>
              </value>
            </param>
          </params>
          <reporter-output>
          </reporter-output>
        </test-method> <!-- runScenario -->
        <test-method is-config="true" signature="tearDownClass()[pri:0, instance:com.mystore.TestRunner.CucumberRunnerIT@1b1473ab]" started-at="2025-01-11T21:26:29 IST" name="tearDownClass" finished-at="2025-01-11T21:26:29 IST" duration-ms="575" status="PASS">
          <reporter-output>
          </reporter-output>
        </test-method> <!-- tearDownClass -->
      </class> <!-- com.mystore.TestRunner.CucumberRunnerIT -->
    </test> <!-- MyStoreApplication -->
  </suite> <!-- Default Suite -->
</testng-results>
